{"/Users/lillielise/codefellows/401/labs/lab15-api-server/lab15-api-server/__test__/supergoose.js": {"path":"/Users/lillielise/codefellows/401/labs/lab15-api-server/lab15-api-server/__test__/supergoose.js","statementMap":{"0":{"start":{"line":8,"column":17},"end":{"line":8,"column":36}},"1":{"start":{"line":9,"column":39},"end":{"line":9,"column":71}},"2":{"start":{"line":10,"column":0},"end":{"line":10,"column":38}},"3":{"start":{"line":15,"column":2},"end":{"line":15,"column":40}},"4":{"start":{"line":17,"column":19},"end":{"line":17,"column":58}},"5":{"start":{"line":19,"column":26},"end":{"line":22,"column":3}},"6":{"start":{"line":24,"column":2},"end":{"line":24,"column":52}},"7":{"start":{"line":28,"column":2},"end":{"line":28,"column":30}},"8":{"start":{"line":29,"column":2},"end":{"line":29,"column":42}},"9":{"start":{"line":32,"column":0},"end":{"line":32,"column":19}},"10":{"start":{"line":33,"column":0},"end":{"line":33,"column":17}},"11":{"start":{"line":35,"column":0},"end":{"line":41,"column":1}},"12":{"start":{"line":36,"column":2},"end":{"line":40,"column":5}},"13":{"start":{"line":37,"column":4},"end":{"line":39,"column":7}},"14":{"start":{"line":38,"column":6},"end":{"line":38,"column":51}}},"fnMap":{"0":{"name":"startDB","decl":{"start":{"line":14,"column":15},"end":{"line":14,"column":22}},"loc":{"start":{"line":14,"column":25},"end":{"line":25,"column":1}},"line":14},"1":{"name":"stopDB","decl":{"start":{"line":27,"column":15},"end":{"line":27,"column":21}},"loc":{"start":{"line":27,"column":24},"end":{"line":30,"column":1}},"line":27},"2":{"name":"(anonymous_2)","decl":{"start":{"line":36,"column":25},"end":{"line":36,"column":26}},"loc":{"start":{"line":36,"column":31},"end":{"line":40,"column":3}},"line":36},"3":{"name":"(anonymous_3)","decl":{"start":{"line":37,"column":22},"end":{"line":37,"column":23}},"loc":{"start":{"line":37,"column":34},"end":{"line":39,"column":5}},"line":37}},"branchMap":{"0":{"loc":{"start":{"line":29,"column":2},"end":{"line":29,"column":41}},"type":"binary-expr","locations":[{"start":{"line":29,"column":2},"end":{"line":29,"column":13}},{"start":{"line":29,"column":17},"end":{"line":29,"column":41}}],"line":29},"1":{"loc":{"start":{"line":35,"column":0},"end":{"line":41,"column":1}},"type":"if","locations":[{"start":{"line":35,"column":0},"end":{"line":41,"column":1}},{"start":{"line":35,"column":0},"end":{"line":41,"column":1}}],"line":35}},"s":{"0":1,"1":1,"2":1,"3":1,"4":1,"5":1,"6":1,"7":1,"8":1,"9":1,"10":1,"11":1,"12":0,"13":0,"14":0},"f":{"0":1,"1":1,"2":0,"3":0},"b":{"0":[1,1],"1":[0,1]},"_coverageSchema":"43e27e138ebf9cfc5966b082cf9a028302ed4184","hash":"28f1f41f9e3287dc7c19b5726b01516701d970ed"}
,"/Users/lillielise/codefellows/401/labs/lab15-api-server/lab15-api-server/docs/swagger.js": {"path":"/Users/lillielise/codefellows/401/labs/lab15-api-server/lab15-api-server/docs/swagger.js","statementMap":{"0":{"start":{"line":1,"column":16},"end":{"line":1,"column":34}},"1":{"start":{"line":2,"column":22},"end":{"line":2,"column":31}},"2":{"start":{"line":3,"column":23},"end":{"line":3,"column":74}},"3":{"start":{"line":5,"column":14},"end":{"line":26,"column":1}},"4":{"start":{"line":27,"column":0},"end":{"line":27,"column":24}},"5":{"start":{"line":31,"column":0},"end":{"line":31,"column":27}}},"fnMap":{},"branchMap":{},"s":{"0":1,"1":1,"2":1,"3":1,"4":1,"5":1},"f":{},"b":{},"_coverageSchema":"43e27e138ebf9cfc5966b082cf9a028302ed4184","hash":"f08a56571f1cbf2b1d3032e341a2acfc56934ca0"}
,"/Users/lillielise/codefellows/401/labs/lab15-api-server/lab15-api-server/src/app.js": {"path":"/Users/lillielise/codefellows/401/labs/lab15-api-server/lab15-api-server/src/app.js","statementMap":{"0":{"start":{"line":3,"column":0},"end":{"line":3,"column":27}},"1":{"start":{"line":4,"column":16},"end":{"line":4,"column":34}},"2":{"start":{"line":5,"column":13},"end":{"line":5,"column":28}},"3":{"start":{"line":6,"column":15},"end":{"line":6,"column":32}},"4":{"start":{"line":8,"column":17},"end":{"line":8,"column":47}},"5":{"start":{"line":9,"column":21},"end":{"line":9,"column":51}},"6":{"start":{"line":10,"column":19},"end":{"line":10,"column":46}},"7":{"start":{"line":11,"column":23},"end":{"line":11,"column":56}},"8":{"start":{"line":12,"column":16},"end":{"line":12,"column":42}},"9":{"start":{"line":14,"column":12},"end":{"line":14,"column":21}},"10":{"start":{"line":16,"column":0},"end":{"line":16,"column":16}},"11":{"start":{"line":17,"column":0},"end":{"line":17,"column":23}},"12":{"start":{"line":19,"column":0},"end":{"line":19,"column":24}},"13":{"start":{"line":20,"column":0},"end":{"line":20,"column":48}},"14":{"start":{"line":22,"column":0},"end":{"line":22,"column":20}},"15":{"start":{"line":23,"column":0},"end":{"line":23,"column":24}},"16":{"start":{"line":25,"column":0},"end":{"line":25,"column":43}},"17":{"start":{"line":27,"column":0},"end":{"line":27,"column":18}},"18":{"start":{"line":28,"column":0},"end":{"line":28,"column":22}},"19":{"start":{"line":30,"column":0},"end":{"line":37,"column":2}},"20":{"start":{"line":32,"column":4},"end":{"line":34,"column":7}},"21":{"start":{"line":33,"column":6},"end":{"line":33,"column":45}}},"fnMap":{"0":{"name":"(anonymous_0)","decl":{"start":{"line":31,"column":9},"end":{"line":31,"column":10}},"loc":{"start":{"line":31,"column":19},"end":{"line":35,"column":3}},"line":31},"1":{"name":"(anonymous_1)","decl":{"start":{"line":32,"column":21},"end":{"line":32,"column":22}},"loc":{"start":{"line":32,"column":27},"end":{"line":34,"column":5}},"line":32}},"branchMap":{},"s":{"0":1,"1":1,"2":1,"3":1,"4":1,"5":1,"6":1,"7":1,"8":1,"9":1,"10":1,"11":1,"12":1,"13":1,"14":1,"15":1,"16":1,"17":1,"18":1,"19":1,"20":0,"21":0},"f":{"0":0,"1":0},"b":{},"_coverageSchema":"43e27e138ebf9cfc5966b082cf9a028302ed4184","hash":"dd4b64389656f6acffa6dc98872e39cee2a391ac"}
,"/Users/lillielise/codefellows/401/labs/lab15-api-server/lab15-api-server/src/auth-router.js": {"path":"/Users/lillielise/codefellows/401/labs/lab15-api-server/lab15-api-server/src/auth-router.js","statementMap":{"0":{"start":{"line":2,"column":16},"end":{"line":2,"column":34}},"1":{"start":{"line":3,"column":18},"end":{"line":3,"column":34}},"2":{"start":{"line":4,"column":13},"end":{"line":4,"column":39}},"3":{"start":{"line":5,"column":13},"end":{"line":5,"column":39}},"4":{"start":{"line":6,"column":13},"end":{"line":6,"column":44}},"5":{"start":{"line":15,"column":0},"end":{"line":28,"column":3}},"6":{"start":{"line":17,"column":15},"end":{"line":17,"column":33}},"7":{"start":{"line":19,"column":2},"end":{"line":27,"column":31}},"8":{"start":{"line":21,"column":18},"end":{"line":21,"column":38}},"9":{"start":{"line":22,"column":6},"end":{"line":22,"column":32}},"10":{"start":{"line":23,"column":6},"end":{"line":23,"column":30}},"11":{"start":{"line":24,"column":6},"end":{"line":24,"column":22}},"12":{"start":{"line":25,"column":6},"end":{"line":25,"column":22}},"13":{"start":{"line":27,"column":20},"end":{"line":27,"column":29}},"14":{"start":{"line":37,"column":0},"end":{"line":40,"column":3}},"15":{"start":{"line":38,"column":2},"end":{"line":38,"column":32}},"16":{"start":{"line":39,"column":2},"end":{"line":39,"column":22}},"17":{"start":{"line":43,"column":0},"end":{"line":43,"column":27}}},"fnMap":{"0":{"name":"(anonymous_0)","decl":{"start":{"line":15,"column":26},"end":{"line":15,"column":27}},"loc":{"start":{"line":15,"column":46},"end":{"line":28,"column":1}},"line":15},"1":{"name":"(anonymous_1)","decl":{"start":{"line":20,"column":10},"end":{"line":20,"column":11}},"loc":{"start":{"line":20,"column":20},"end":{"line":26,"column":5}},"line":20},"2":{"name":"(anonymous_2)","decl":{"start":{"line":27,"column":11},"end":{"line":27,"column":12}},"loc":{"start":{"line":27,"column":20},"end":{"line":27,"column":29}},"line":27},"3":{"name":"(anonymous_3)","decl":{"start":{"line":37,"column":32},"end":{"line":37,"column":33}},"loc":{"start":{"line":37,"column":52},"end":{"line":40,"column":1}},"line":37}},"branchMap":{},"s":{"0":1,"1":1,"2":1,"3":1,"4":1,"5":1,"6":2,"7":2,"8":1,"9":1,"10":1,"11":1,"12":1,"13":1,"14":1,"15":1,"16":1,"17":1},"f":{"0":2,"1":1,"2":1,"3":1},"b":{},"_coverageSchema":"43e27e138ebf9cfc5966b082cf9a028302ed4184","hash":"20cbca07c41ad8bc4d23ab1e9c44c8ab3e25de35"}
,"/Users/lillielise/codefellows/401/labs/lab15-api-server/lab15-api-server/src/categories-router.js": {"path":"/Users/lillielise/codefellows/401/labs/lab15-api-server/lab15-api-server/src/categories-router.js","statementMap":{"0":{"start":{"line":3,"column":16},"end":{"line":3,"column":34}},"1":{"start":{"line":4,"column":15},"end":{"line":4,"column":31}},"2":{"start":{"line":7,"column":13},"end":{"line":7,"column":44}},"3":{"start":{"line":16,"column":0},"end":{"line":16,"column":54}},"4":{"start":{"line":23,"column":0},"end":{"line":23,"column":56}},"5":{"start":{"line":30,"column":0},"end":{"line":30,"column":56}},"6":{"start":{"line":37,"column":0},"end":{"line":37,"column":58}},"7":{"start":{"line":44,"column":0},"end":{"line":44,"column":64}},"8":{"start":{"line":48,"column":19},"end":{"line":48,"column":65}},"9":{"start":{"line":49,"column":19},"end":{"line":49,"column":35}},"10":{"start":{"line":53,"column":2},"end":{"line":61,"column":19}},"11":{"start":{"line":55,"column":21},"end":{"line":58,"column":7}},"12":{"start":{"line":59,"column":6},"end":{"line":59,"column":40}},"13":{"start":{"line":66,"column":2},"end":{"line":68,"column":19}},"14":{"start":{"line":67,"column":21},"end":{"line":67,"column":57}},"15":{"start":{"line":73,"column":2},"end":{"line":75,"column":19}},"16":{"start":{"line":74,"column":21},"end":{"line":74,"column":54}},"17":{"start":{"line":81,"column":2},"end":{"line":83,"column":19}},"18":{"start":{"line":82,"column":21},"end":{"line":82,"column":54}},"19":{"start":{"line":90,"column":2},"end":{"line":92,"column":19}},"20":{"start":{"line":91,"column":21},"end":{"line":91,"column":54}},"21":{"start":{"line":95,"column":0},"end":{"line":95,"column":24}}},"fnMap":{"0":{"name":"getCategories","decl":{"start":{"line":51,"column":9},"end":{"line":51,"column":22}},"loc":{"start":{"line":51,"column":46},"end":{"line":62,"column":1}},"line":51},"1":{"name":"(anonymous_1)","decl":{"start":{"line":54,"column":11},"end":{"line":54,"column":12}},"loc":{"start":{"line":54,"column":19},"end":{"line":60,"column":5}},"line":54},"2":{"name":"getCategory","decl":{"start":{"line":64,"column":9},"end":{"line":64,"column":20}},"loc":{"start":{"line":64,"column":44},"end":{"line":69,"column":1}},"line":64},"3":{"name":"(anonymous_3)","decl":{"start":{"line":67,"column":11},"end":{"line":67,"column":12}},"loc":{"start":{"line":67,"column":21},"end":{"line":67,"column":57}},"line":67},"4":{"name":"postCategories","decl":{"start":{"line":71,"column":9},"end":{"line":71,"column":23}},"loc":{"start":{"line":71,"column":47},"end":{"line":76,"column":1}},"line":71},"5":{"name":"(anonymous_5)","decl":{"start":{"line":74,"column":11},"end":{"line":74,"column":12}},"loc":{"start":{"line":74,"column":21},"end":{"line":74,"column":54}},"line":74},"6":{"name":"putCategories","decl":{"start":{"line":79,"column":9},"end":{"line":79,"column":22}},"loc":{"start":{"line":79,"column":46},"end":{"line":84,"column":1}},"line":79},"7":{"name":"(anonymous_7)","decl":{"start":{"line":82,"column":11},"end":{"line":82,"column":12}},"loc":{"start":{"line":82,"column":21},"end":{"line":82,"column":54}},"line":82},"8":{"name":"deleteCategories","decl":{"start":{"line":88,"column":9},"end":{"line":88,"column":25}},"loc":{"start":{"line":88,"column":49},"end":{"line":93,"column":1}},"line":88},"9":{"name":"(anonymous_9)","decl":{"start":{"line":91,"column":11},"end":{"line":91,"column":12}},"loc":{"start":{"line":91,"column":21},"end":{"line":91,"column":54}},"line":91}},"branchMap":{},"s":{"0":1,"1":1,"2":1,"3":1,"4":1,"5":1,"6":1,"7":1,"8":1,"9":1,"10":0,"11":0,"12":0,"13":0,"14":0,"15":0,"16":0,"17":0,"18":0,"19":0,"20":0,"21":1},"f":{"0":0,"1":0,"2":0,"3":0,"4":0,"5":0,"6":0,"7":0,"8":0,"9":0},"b":{},"_coverageSchema":"43e27e138ebf9cfc5966b082cf9a028302ed4184","hash":"cf4e58c74bcfc24642402746142bc6a35211a287"}
,"/Users/lillielise/codefellows/401/labs/lab15-api-server/lab15-api-server/src/middleware/404.js": {"path":"/Users/lillielise/codefellows/401/labs/lab15-api-server/lab15-api-server/src/middleware/404.js","statementMap":{"0":{"start":{"line":17,"column":0},"end":{"line":20,"column":1}},"1":{"start":{"line":18,"column":2},"end":{"line":18,"column":18}},"2":{"start":{"line":19,"column":2},"end":{"line":19,"column":44}}},"fnMap":{"0":{"name":"(anonymous_0)","decl":{"start":{"line":17,"column":17},"end":{"line":17,"column":18}},"loc":{"start":{"line":17,"column":37},"end":{"line":20,"column":1}},"line":17}},"branchMap":{},"s":{"0":1,"1":0,"2":0},"f":{"0":0},"b":{},"_coverageSchema":"43e27e138ebf9cfc5966b082cf9a028302ed4184","hash":"2dfd9bf7e5a8823fefb06e9a6c71f5d0562f2114"}
,"/Users/lillielise/codefellows/401/labs/lab15-api-server/lab15-api-server/src/middleware/500.js": {"path":"/Users/lillielise/codefellows/401/labs/lab15-api-server/lab15-api-server/src/middleware/500.js","statementMap":{"0":{"start":{"line":17,"column":0},"end":{"line":20,"column":1}},"1":{"start":{"line":18,"column":2},"end":{"line":18,"column":18}},"2":{"start":{"line":19,"column":2},"end":{"line":19,"column":27}}},"fnMap":{"0":{"name":"(anonymous_0)","decl":{"start":{"line":17,"column":17},"end":{"line":17,"column":18}},"loc":{"start":{"line":17,"column":42},"end":{"line":20,"column":1}},"line":17}},"branchMap":{},"s":{"0":1,"1":8,"2":8},"f":{"0":8},"b":{},"_coverageSchema":"43e27e138ebf9cfc5966b082cf9a028302ed4184","hash":"98c76f5339a2c374b287d9996e2cfa5d2d623bc6"}
,"/Users/lillielise/codefellows/401/labs/lab15-api-server/lab15-api-server/src/middleware/auth.js": {"path":"/Users/lillielise/codefellows/401/labs/lab15-api-server/lab15-api-server/src/middleware/auth.js","statementMap":{"0":{"start":{"line":3,"column":13},"end":{"line":3,"column":40}},"1":{"start":{"line":23,"column":0},"end":{"line":58,"column":1}},"2":{"start":{"line":24,"column":2},"end":{"line":56,"column":3}},"3":{"start":{"line":26,"column":33},"end":{"line":26,"column":71}},"4":{"start":{"line":28,"column":4},"end":{"line":53,"column":5}},"5":{"start":{"line":31,"column":27},"end":{"line":31,"column":60}},"6":{"start":{"line":32,"column":27},"end":{"line":32,"column":50}},"7":{"start":{"line":33,"column":35},"end":{"line":33,"column":58}},"8":{"start":{"line":34,"column":8},"end":{"line":40,"column":61}},"9":{"start":{"line":36,"column":12},"end":{"line":36,"column":28}},"10":{"start":{"line":37,"column":12},"end":{"line":37,"column":45}},"11":{"start":{"line":38,"column":12},"end":{"line":38,"column":19}},"12":{"start":{"line":40,"column":23},"end":{"line":40,"column":59}},"13":{"start":{"line":44,"column":8},"end":{"line":50,"column":46}},"14":{"start":{"line":46,"column":12},"end":{"line":46,"column":28}},"15":{"start":{"line":47,"column":12},"end":{"line":47,"column":45}},"16":{"start":{"line":48,"column":12},"end":{"line":48,"column":19}},"17":{"start":{"line":50,"column":23},"end":{"line":50,"column":44}},"18":{"start":{"line":52,"column":8},"end":{"line":52,"column":29}},"19":{"start":{"line":55,"column":4},"end":{"line":55,"column":12}}},"fnMap":{"0":{"name":"(anonymous_0)","decl":{"start":{"line":23,"column":17},"end":{"line":23,"column":18}},"loc":{"start":{"line":23,"column":37},"end":{"line":58,"column":1}},"line":23},"1":{"name":"(anonymous_1)","decl":{"start":{"line":35,"column":16},"end":{"line":35,"column":17}},"loc":{"start":{"line":35,"column":24},"end":{"line":39,"column":11}},"line":35},"2":{"name":"(anonymous_2)","decl":{"start":{"line":40,"column":17},"end":{"line":40,"column":18}},"loc":{"start":{"line":40,"column":23},"end":{"line":40,"column":59}},"line":40},"3":{"name":"(anonymous_3)","decl":{"start":{"line":45,"column":16},"end":{"line":45,"column":17}},"loc":{"start":{"line":45,"column":24},"end":{"line":49,"column":11}},"line":45},"4":{"name":"(anonymous_4)","decl":{"start":{"line":50,"column":17},"end":{"line":50,"column":18}},"loc":{"start":{"line":50,"column":23},"end":{"line":50,"column":44}},"line":50}},"branchMap":{"0":{"loc":{"start":{"line":28,"column":4},"end":{"line":53,"column":5}},"type":"switch","locations":[{"start":{"line":29,"column":6},"end":{"line":40,"column":61}},{"start":{"line":41,"column":6},"end":{"line":50,"column":46}},{"start":{"line":51,"column":6},"end":{"line":52,"column":29}}],"line":28}},"s":{"0":1,"1":1,"2":8,"3":8,"4":1,"5":1,"6":1,"7":1,"8":1,"9":1,"10":1,"11":1,"12":0,"13":0,"14":0,"15":0,"16":0,"17":0,"18":0,"19":7},"f":{"0":8,"1":1,"2":0,"3":0,"4":0},"b":{"0":[1,0,0]},"_coverageSchema":"43e27e138ebf9cfc5966b082cf9a028302ed4184","hash":"51dc2fd765c61e3c37f5bde559dadbcb9106a708"}
,"/Users/lillielise/codefellows/401/labs/lab15-api-server/lab15-api-server/src/model/mongo.js": {"path":"/Users/lillielise/codefellows/401/labs/lab15-api-server/lab15-api-server/src/model/mongo.js","statementMap":{"0":{"start":{"line":11,"column":4},"end":{"line":11,"column":25}},"1":{"start":{"line":19,"column":4},"end":{"line":19,"column":47}},"2":{"start":{"line":20,"column":4},"end":{"line":22,"column":11}},"3":{"start":{"line":31,"column":22},"end":{"line":31,"column":40}},"4":{"start":{"line":32,"column":4},"end":{"line":32,"column":41}},"5":{"start":{"line":41,"column":20},"end":{"line":41,"column":43}},"6":{"start":{"line":42,"column":4},"end":{"line":42,"column":28}},"7":{"start":{"line":52,"column":4},"end":{"line":52,"column":69}},"8":{"start":{"line":63,"column":4},"end":{"line":63,"column":46}},"9":{"start":{"line":68,"column":0},"end":{"line":68,"column":23}}},"fnMap":{"0":{"name":"(anonymous_0)","decl":{"start":{"line":10,"column":2},"end":{"line":10,"column":3}},"loc":{"start":{"line":10,"column":22},"end":{"line":12,"column":3}},"line":10},"1":{"name":"(anonymous_1)","decl":{"start":{"line":18,"column":2},"end":{"line":18,"column":3}},"loc":{"start":{"line":18,"column":15},"end":{"line":23,"column":3}},"line":18},"2":{"name":"(anonymous_2)","decl":{"start":{"line":30,"column":2},"end":{"line":30,"column":3}},"loc":{"start":{"line":30,"column":11},"end":{"line":33,"column":3}},"line":30},"3":{"name":"(anonymous_3)","decl":{"start":{"line":40,"column":2},"end":{"line":40,"column":3}},"loc":{"start":{"line":40,"column":15},"end":{"line":43,"column":3}},"line":40},"4":{"name":"(anonymous_4)","decl":{"start":{"line":51,"column":2},"end":{"line":51,"column":3}},"loc":{"start":{"line":51,"column":19},"end":{"line":53,"column":3}},"line":51},"5":{"name":"(anonymous_5)","decl":{"start":{"line":62,"column":2},"end":{"line":62,"column":3}},"loc":{"start":{"line":62,"column":14},"end":{"line":64,"column":3}},"line":62}},"branchMap":{"0":{"loc":{"start":{"line":20,"column":11},"end":{"line":22,"column":10}},"type":"cond-expr","locations":[{"start":{"line":21,"column":8},"end":{"line":21,"column":32}},{"start":{"line":22,"column":8},"end":{"line":22,"column":10}}],"line":20},"1":{"loc":{"start":{"line":31,"column":22},"end":{"line":31,"column":40}},"type":"cond-expr","locations":[{"start":{"line":31,"column":28},"end":{"line":31,"column":35}},{"start":{"line":31,"column":38},"end":{"line":31,"column":40}}],"line":31}},"s":{"0":1,"1":0,"2":0,"3":0,"4":0,"5":0,"6":0,"7":0,"8":0,"9":1},"f":{"0":1,"1":0,"2":0,"3":0,"4":0,"5":0},"b":{"0":[0,0],"1":[0,0]},"_coverageSchema":"43e27e138ebf9cfc5966b082cf9a028302ed4184","hash":"0336889986167531f1dd6d24f629a3e454270854"}
,"/Users/lillielise/codefellows/401/labs/lab15-api-server/lab15-api-server/src/model/post.js": {"path":"/Users/lillielise/codefellows/401/labs/lab15-api-server/lab15-api-server/src/model/post.js","statementMap":{"0":{"start":{"line":3,"column":17},"end":{"line":3,"column":36}},"1":{"start":{"line":5,"column":19},"end":{"line":8,"column":2}},"2":{"start":{"line":10,"column":0},"end":{"line":10,"column":53}}},"fnMap":{},"branchMap":{},"s":{"0":1,"1":1,"2":1},"f":{},"b":{},"_coverageSchema":"43e27e138ebf9cfc5966b082cf9a028302ed4184","hash":"d644042bb9004998a955380fb52c5f35768c6bd5"}
,"/Users/lillielise/codefellows/401/labs/lab15-api-server/lab15-api-server/src/model/user.js": {"path":"/Users/lillielise/codefellows/401/labs/lab15-api-server/lab15-api-server/src/model/user.js","statementMap":{"0":{"start":{"line":3,"column":17},"end":{"line":3,"column":36}},"1":{"start":{"line":4,"column":15},"end":{"line":4,"column":32}},"2":{"start":{"line":5,"column":12},"end":{"line":5,"column":35}},"3":{"start":{"line":7,"column":19},"end":{"line":11,"column":2}},"4":{"start":{"line":13,"column":0},"end":{"line":17,"column":2}},"5":{"start":{"line":14,"column":2},"end":{"line":16,"column":3}},"6":{"start":{"line":15,"column":4},"end":{"line":15,"column":57}},"7":{"start":{"line":20,"column":0},"end":{"line":29,"column":1}},"8":{"start":{"line":21,"column":14},"end":{"line":21,"column":41}},"9":{"start":{"line":22,"column":2},"end":{"line":28,"column":7}},"10":{"start":{"line":24,"column":6},"end":{"line":24,"column":48}},"11":{"start":{"line":27,"column":6},"end":{"line":27,"column":18}},"12":{"start":{"line":31,"column":0},"end":{"line":44,"column":2}},"13":{"start":{"line":32,"column":2},"end":{"line":32,"column":60}},"14":{"start":{"line":32,"column":16},"end":{"line":32,"column":58}},"15":{"start":{"line":34,"column":2},"end":{"line":43,"column":7}},"16":{"start":{"line":36,"column":6},"end":{"line":36,"column":55}},"17":{"start":{"line":36,"column":19},"end":{"line":36,"column":53}},"18":{"start":{"line":37,"column":6},"end":{"line":37,"column":18}},"19":{"start":{"line":40,"column":21},"end":{"line":40,"column":26}},"20":{"start":{"line":41,"column":21},"end":{"line":41,"column":27}},"21":{"start":{"line":42,"column":6},"end":{"line":42,"column":56}},"22":{"start":{"line":46,"column":0},"end":{"line":49,"column":1}},"23":{"start":{"line":47,"column":2},"end":{"line":48,"column":44}},"24":{"start":{"line":48,"column":21},"end":{"line":48,"column":42}},"25":{"start":{"line":52,"column":0},"end":{"line":59,"column":1}},"26":{"start":{"line":53,"column":2},"end":{"line":58,"column":3}},"27":{"start":{"line":54,"column":25},"end":{"line":54,"column":62}},"28":{"start":{"line":55,"column":4},"end":{"line":55,"column":52}},"29":{"start":{"line":57,"column":4},"end":{"line":57,"column":37}},"30":{"start":{"line":62,"column":0},"end":{"line":67,"column":1}},"31":{"start":{"line":63,"column":15},"end":{"line":65,"column":3}},"32":{"start":{"line":66,"column":2},"end":{"line":66,"column":46}},"33":{"start":{"line":69,"column":0},"end":{"line":69,"column":53}}},"fnMap":{"0":{"name":"(anonymous_0)","decl":{"start":{"line":13,"column":23},"end":{"line":13,"column":24}},"loc":{"start":{"line":13,"column":41},"end":{"line":17,"column":1}},"line":13},"1":{"name":"(anonymous_1)","decl":{"start":{"line":20,"column":39},"end":{"line":20,"column":40}},"loc":{"start":{"line":20,"column":55},"end":{"line":29,"column":1}},"line":20},"2":{"name":"(anonymous_2)","decl":{"start":{"line":23,"column":10},"end":{"line":23,"column":11}},"loc":{"start":{"line":23,"column":18},"end":{"line":25,"column":5}},"line":23},"3":{"name":"(anonymous_3)","decl":{"start":{"line":26,"column":11},"end":{"line":26,"column":12}},"loc":{"start":{"line":26,"column":20},"end":{"line":28,"column":5}},"line":26},"4":{"name":"(anonymous_4)","decl":{"start":{"line":31,"column":37},"end":{"line":31,"column":38}},"loc":{"start":{"line":31,"column":54},"end":{"line":44,"column":1}},"line":31},"5":{"name":"(anonymous_5)","decl":{"start":{"line":35,"column":10},"end":{"line":35,"column":11}},"loc":{"start":{"line":35,"column":18},"end":{"line":38,"column":5}},"line":35},"6":{"name":"(anonymous_6)","decl":{"start":{"line":39,"column":11},"end":{"line":39,"column":12}},"loc":{"start":{"line":39,"column":20},"end":{"line":43,"column":5}},"line":39},"7":{"name":"(anonymous_7)","decl":{"start":{"line":46,"column":37},"end":{"line":46,"column":38}},"loc":{"start":{"line":46,"column":57},"end":{"line":49,"column":1}},"line":46},"8":{"name":"(anonymous_8)","decl":{"start":{"line":48,"column":10},"end":{"line":48,"column":11}},"loc":{"start":{"line":48,"column":21},"end":{"line":48,"column":42}},"line":48},"9":{"name":"(anonymous_9)","decl":{"start":{"line":52,"column":39},"end":{"line":52,"column":40}},"loc":{"start":{"line":52,"column":56},"end":{"line":59,"column":1}},"line":52},"10":{"name":"(anonymous_10)","decl":{"start":{"line":62,"column":35},"end":{"line":62,"column":36}},"loc":{"start":{"line":62,"column":47},"end":{"line":67,"column":1}},"line":62}},"branchMap":{"0":{"loc":{"start":{"line":14,"column":2},"end":{"line":16,"column":3}},"type":"if","locations":[{"start":{"line":14,"column":2},"end":{"line":16,"column":3}},{"start":{"line":14,"column":2},"end":{"line":16,"column":3}}],"line":14},"1":{"loc":{"start":{"line":32,"column":2},"end":{"line":32,"column":60}},"type":"if","locations":[{"start":{"line":32,"column":2},"end":{"line":32,"column":60}},{"start":{"line":32,"column":2},"end":{"line":32,"column":60}}],"line":32},"2":{"loc":{"start":{"line":36,"column":6},"end":{"line":36,"column":55}},"type":"if","locations":[{"start":{"line":36,"column":6},"end":{"line":36,"column":55}},{"start":{"line":36,"column":6},"end":{"line":36,"column":55}}],"line":36},"3":{"loc":{"start":{"line":48,"column":21},"end":{"line":48,"column":42}},"type":"cond-expr","locations":[{"start":{"line":48,"column":31},"end":{"line":48,"column":35}},{"start":{"line":48,"column":38},"end":{"line":48,"column":42}}],"line":48}},"s":{"0":1,"1":1,"2":1,"3":1,"4":1,"5":1,"6":1,"7":1,"8":1,"9":1,"10":1,"11":0,"12":1,"13":0,"14":0,"15":0,"16":0,"17":0,"18":0,"19":0,"20":0,"21":0,"22":1,"23":1,"24":1,"25":1,"26":0,"27":0,"28":0,"29":0,"30":1,"31":2,"32":2,"33":1},"f":{"0":1,"1":1,"2":1,"3":0,"4":0,"5":0,"6":0,"7":1,"8":1,"9":0,"10":2},"b":{"0":[1,0],"1":[0,0],"2":[0,0],"3":[1,0]},"_coverageSchema":"43e27e138ebf9cfc5966b082cf9a028302ed4184","hash":"e6c32cc742996453a9c3a1e258f2e37b89831a51"}
,"/Users/lillielise/codefellows/401/labs/lab15-api-server/lab15-api-server/src/model/categories/categories-model.js": {"path":"/Users/lillielise/codefellows/401/labs/lab15-api-server/lab15-api-server/src/model/categories/categories-model.js","statementMap":{"0":{"start":{"line":3,"column":14},"end":{"line":3,"column":33}},"1":{"start":{"line":4,"column":15},"end":{"line":4,"column":48}},"2":{"start":{"line":12,"column":18},"end":{"line":12,"column":32}},"3":{"start":{"line":15,"column":0},"end":{"line":15,"column":28}}},"fnMap":{"0":{"name":"(anonymous_0)","decl":{"start":{"line":12,"column":2},"end":{"line":12,"column":3}},"loc":{"start":{"line":12,"column":16},"end":{"line":12,"column":34}},"line":12}},"branchMap":{},"s":{"0":1,"1":1,"2":1,"3":1},"f":{"0":1},"b":{},"_coverageSchema":"43e27e138ebf9cfc5966b082cf9a028302ed4184","hash":"498e09416c9168bd74358ec2745fa63fae97ad0b"}
,"/Users/lillielise/codefellows/401/labs/lab15-api-server/lab15-api-server/src/model/categories/categories-schema.js": {"path":"/Users/lillielise/codefellows/401/labs/lab15-api-server/lab15-api-server/src/model/categories/categories-schema.js","statementMap":{"0":{"start":{"line":3,"column":17},"end":{"line":3,"column":36}},"1":{"start":{"line":5,"column":19},"end":{"line":8,"column":2}},"2":{"start":{"line":10,"column":0},"end":{"line":10,"column":58}}},"fnMap":{},"branchMap":{},"s":{"0":1,"1":1,"2":1},"f":{},"b":{},"_coverageSchema":"43e27e138ebf9cfc5966b082cf9a028302ed4184","hash":"5349cb4e3c5451efedca594f75abe5169829f6d5"}
}
